  *******************************************
  *                                         *
  *        W E L C O M E  to  R O O T       *
  *                                         *
  *   Version  5.27/06b   5 November 2010   *
  *                                         *
  *  You are welcome to visit our Web site  *
  *          http://root.cern.ch            *
  *                                         *
  *******************************************

ROOT 5.27/06b (branches/v5-27-06-patches@36515, Nov 05 2010, 15:46:56 on linuxx8664gcc)

CINT/ROOT C/C++ Interpreter version 5.18.00, July 2, 2010
Type ? for help. Commands must be C++ statements.
Enclose multiple statements between { }.
Loading rootlogon.C

Processing pomwig_fullsim_ntuple.cc+...
The current file has 10000000 entries  
track_rp_20.
track_rp_21.
track_rp_22.
track_rp_23.
track_rp_24.
track_rp_25.
track_rp_120.
track_rp_121.
track_rp_122.
track_rp_123.
track_rp_124.
track_rp_125.
10k done
20k done
30k done
40k done
